<component name="libraryTable">
  <library name="JUnit/Hamcrest">
    <CLASSES>
      <root url="jar://$PROJECT_DIR$/jars/hamcrest-core-1.3.jar!/" />
      <root url="jar://$PROJECT_DIR$/jars/junit-4.11.jar!/" />
    </CLASSES>
    <JAVADOC>
      <root url="jar://$PROJECT_DIR$/jars/hamcrest-core-1.3-javadoc.jar!/" />
      <root url="jar://$PROJECT_DIR$/jars/junit-4.11-javadoc.jar!/" />
    </JAVADOC>
    <SOURCES>
      <root url="jar://$PROJECT_DIR$/jars/hamcrest-core-1.3-sources.jar!/" />
      <root url="jar://$PROJECT_DIR$/jars/junit-4.11-sources.jar!/" />
    </SOURCES>
  </library>
</component>